<?xml version="1.0" encoding="UTF-8"?>
<!-- Generated by org.testng.reporters.JUnitXMLReporter -->
<testsuite ignored="0" hostname="Neeraj-PC" failures="1" tests="1" name="Default test" time="0.284" errors="0" timestamp="2023-10-28T14:34:23 IST">
  <testcase classname="io.cucumber.testng.AbstractTestNGCucumberTests" name="runScenario" time="0.087">
    <failure type="io.cucumber.java.PendingException" message="TODO: implement me">
      <![CDATA[io.cucumber.java.PendingException: TODO: implement me
at definition.LoginPage.user_is_on_homme_page(LoginPage.java:12)
at ✽.user is on homme page(file:///C:/workspace/CucumberJava/src/test/java/features/HomePage.feature:4)
]]>
    </failure>
  </testcase> <!-- runScenario -->
</testsuite> <!-- Default test -->
