<?xml version="1.0" encoding="UTF-8"?>
<!-- Generated by org.testng.reporters.JUnitReportReporter -->
<testsuite hostname="Neeraj-PC" failures="0" tests="1" name="cucumber.TestRunner" time="0.087" errors="1" timestamp="2023-10-28T14:34:23 IST" skipped="0">
  <testcase classname="cucumber.TestRunner" name="runScenario" time="0.087">
    <error message="TODO: implement me" type="io.cucumber.java.PendingException">
      <![CDATA[io.cucumber.java.PendingException: TODO: implement me
at definition.LoginPage.user_is_on_homme_page(LoginPage.java:12)
at ✽.user is on homme page(file:///C:/workspace/CucumberJava/src/test/java/features/HomePage.feature:4)
]]>
    </error>
  </testcase> <!-- runScenario -->
</testsuite> <!-- cucumber.TestRunner -->
